<?xml version="1.0" encoding="UTF-8"?>
<!-- Generated by org.testng.reporters.JUnitReportReporter -->
<testsuite hostname="Sajitha-PC" name="Testcases.PqSubmn" tests="1" failures="0" timestamp="28 Feb 2017 21:41:51 GMT" time="133.427" errors="0">
  <testcase name="priceQuotesubmisn" time="133.427" classname="Testcases.PqSubmn"/>
</testsuite> <!-- Testcases.PqSubmn -->
