<?xml version="1.0" encoding="UTF-8"?>
<!-- Generated by org.testng.reporters.JUnitReportReporter -->
<testsuite hostname="Davids-MacBook-Pro.local" name="Testcases.PqSubmn" tests="1" failures="0" timestamp="22 Feb 2018 15:49:40 GMT" time="16.041" errors="0">
  <testcase name="priceQuotesubmisn" time="16.041" classname="Testcases.PqSubmn"/>
</testsuite> <!-- Testcases.PqSubmn -->
